<?xml version="1.0" encoding="UTF-8"?>
<testng-results ignored="0" total="1" passed="1" failed="0" skipped="0">
  <reporter-output>
  </reporter-output>
  <suite started-at="2020-03-02T22:03:01 EET" name="Default suite" finished-at="2020-03-02T22:03:12 EET" duration-ms="11602">
    <groups>
    </groups>
    <test started-at="2020-03-02T22:03:01 EET" name="Default test" finished-at="2020-03-02T22:03:12 EET" duration-ms="11602">
      <class name="findingElements.ImplicitWait">
        <test-method is-config="true" signature="OpenURL()[pri:0, instance:findingElements.ImplicitWait@1df82230]" started-at="2020-03-02T22:03:01 EET" name="OpenURL" finished-at="2020-03-02T22:03:12 EET" duration-ms="11067" status="PASS">
          <reporter-output>
          </reporter-output>
        </test-method> <!-- OpenURL -->
        <test-method signature="Implicit()[pri:0, instance:findingElements.ImplicitWait@1df82230]" started-at="2020-03-02T22:03:12 EET" name="Implicit" finished-at="2020-03-02T22:03:12 EET" duration-ms="339" status="PASS">
          <reporter-output>
          </reporter-output>
        </test-method> <!-- Implicit -->
        <test-method is-config="true" signature="close()[pri:0, instance:findingElements.ImplicitWait@1df82230]" started-at="2020-03-02T22:03:12 EET" name="close" finished-at="2020-03-02T22:03:12 EET" duration-ms="140" status="PASS">
          <reporter-output>
          </reporter-output>
        </test-method> <!-- close -->
      </class> <!-- findingElements.ImplicitWait -->
    </test> <!-- Default test -->
  </suite> <!-- Default suite -->
</testng-results>
